<?xml version="1.0" encoding="UTF-8"?>
<coverage generated="1755029117066" clover="3.2.0">
  <project timestamp="1755029117066" name="All files">
    <metrics statements="23" coveredstatements="21" conditionals="8" coveredconditionals="6" methods="4" coveredmethods="4" elements="35" coveredelements="31" complexity="0" loc="23" ncloc="23" packages="1" files="2" classes="2"/>
    <file name="fetchExhibitionMaterial.js" path="/Users/oksanadotsenko/Exhibition-TV/utility_functions/fetchExhibitionMaterial.js">
      <metrics statements="9" coveredstatements="8" conditionals="2" coveredconditionals="2" methods="2" coveredmethods="2"/>
      <line num="9" count="2" type="stmt"/>
      <line num="11" count="2" type="stmt"/>
      <line num="12" count="2" type="stmt"/>
      <line num="18" count="2" type="stmt"/>
      <line num="19" count="2" type="stmt"/>
      <line num="21" count="2" type="cond" truecount="2" falsecount="0"/>
      <line num="22" count="1" type="stmt"/>
      <line num="25" count="1" type="stmt"/>
      <line num="30" count="0" type="stmt"/>
    </file>
    <file name="fetchFromDir.js" path="/Users/oksanadotsenko/Exhibition-TV/utility_functions/fetchFromDir.js">
      <metrics statements="14" coveredstatements="13" conditionals="6" coveredconditionals="4" methods="2" coveredmethods="2"/>
      <line num="3" count="1" type="stmt"/>
      <line num="4" count="1" type="stmt"/>
      <line num="5" count="1" type="stmt"/>
      <line num="9" count="1" type="stmt"/>
      <line num="10" count="1" type="stmt"/>
      <line num="12" count="5" type="stmt"/>
      <line num="13" count="1" type="stmt"/>
      <line num="14" count="1" type="stmt"/>
      <line num="16" count="1" type="cond" truecount="1" falsecount="1"/>
      <line num="17" count="1" type="stmt"/>
      <line num="18" count="1" type="stmt"/>
      <line num="22" count="1" type="cond" truecount="3" falsecount="1"/>
      <line num="23" count="1" type="stmt"/>
      <line num="29" count="0" type="stmt"/>
    </file>
  </project>
</coverage>
