{"/Users/oksanadotsenko/Exhibition-TV/utility_functions/fetchExhibitionMaterial.js": {"path":"/Users/oksanadotsenko/Exhibition-TV/utility_functions/fetchExhibitionMaterial.js","statementMap":{"0":{"start":{"line":9,"column":19},"end":{"line":9,"column":49}},"1":{"start":{"line":11,"column":1},"end":{"line":31,"column":2}},"2":{"start":{"line":12,"column":18},"end":{"line":16,"column":45}},"3":{"start":{"line":18,"column":44},"end":{"line":18,"column":65}},"4":{"start":{"line":19,"column":36},"end":{"line":19,"column":111}},"5":{"start":{"line":19,"column":79},"end":{"line":19,"column":109}},"6":{"start":{"line":21,"column":3},"end":{"line":26,"column":4}},"7":{"start":{"line":22,"column":4},"end":{"line":22,"column":15}},"8":{"start":{"line":25,"column":6},"end":{"line":25,"column":33}},"9":{"start":{"line":30,"column":3},"end":{"line":30,"column":21}}},"fnMap":{"0":{"name":"fetchExhibitionMaterial","decl":{"start":{"line":8,"column":22},"end":{"line":8,"column":45}},"loc":{"start":{"line":8,"column":48},"end":{"line":33,"column":1}},"line":8},"1":{"name":"(anonymous_1)","decl":{"start":{"line":19,"column":71},"end":{"line":19,"column":72}},"loc":{"start":{"line":19,"column":79},"end":{"line":19,"column":109}},"line":19}},"branchMap":{"0":{"loc":{"start":{"line":21,"column":3},"end":{"line":26,"column":4}},"type":"if","locations":[{"start":{"line":21,"column":3},"end":{"line":26,"column":4}},{"start":{"line":23,"column":9},"end":{"line":26,"column":4}}],"line":21}},"s":{"0":2,"1":2,"2":2,"3":2,"4":2,"5":1,"6":2,"7":1,"8":1,"9":0},"f":{"0":2,"1":1},"b":{"0":[1,1]},"_coverageSchema":"1a1c01bbd47fc00a2c39e90264f33305004495a9","hash":"e9b8ffebbcedc72d173eb8970c7a2d4855185d76"}
,"/Users/oksanadotsenko/Exhibition-TV/utility_functions/fetchFromDir.js": {"path":"/Users/oksanadotsenko/Exhibition-TV/utility_functions/fetchFromDir.js","statementMap":{"0":{"start":{"line":3,"column":18},"end":{"line":3,"column":61}},"1":{"start":{"line":4,"column":19},"end":{"line":4,"column":40}},"2":{"start":{"line":5,"column":32},"end":{"line":5,"column":70}},"3":{"start":{"line":9,"column":4},"end":{"line":30,"column":5}},"4":{"start":{"line":10,"column":23},"end":{"line":10,"column":70}},"5":{"start":{"line":12,"column":22},"end":{"line":12,"column":66}},"6":{"start":{"line":12,"column":42},"end":{"line":12,"column":65}},"7":{"start":{"line":13,"column":32},"end":{"line":13,"column":36}},"8":{"start":{"line":14,"column":38},"end":{"line":14,"column":92}},"9":{"start":{"line":16,"column":8},"end":{"line":19,"column":9}},"10":{"start":{"line":17,"column":34},"end":{"line":17,"column":93}},"11":{"start":{"line":18,"column":10},"end":{"line":18,"column":57}},"12":{"start":{"line":22,"column":8},"end":{"line":26,"column":9}},"13":{"start":{"line":23,"column":12},"end":{"line":25,"column":39}},"14":{"start":{"line":29,"column":7},"end":{"line":29,"column":16}}},"fnMap":{"0":{"name":"fetchFromDir","decl":{"start":{"line":8,"column":22},"end":{"line":8,"column":34}},"loc":{"start":{"line":8,"column":37},"end":{"line":31,"column":1}},"line":8},"1":{"name":"(anonymous_1)","decl":{"start":{"line":12,"column":33},"end":{"line":12,"column":34}},"loc":{"start":{"line":12,"column":42},"end":{"line":12,"column":65}},"line":12}},"branchMap":{"0":{"loc":{"start":{"line":16,"column":8},"end":{"line":19,"column":9}},"type":"if","locations":[{"start":{"line":16,"column":8},"end":{"line":19,"column":9}},{"start":{},"end":{}}],"line":16},"1":{"loc":{"start":{"line":22,"column":8},"end":{"line":26,"column":9}},"type":"if","locations":[{"start":{"line":22,"column":8},"end":{"line":26,"column":9}},{"start":{},"end":{}}],"line":22},"2":{"loc":{"start":{"line":22,"column":11},"end":{"line":22,"column":48}},"type":"binary-expr","locations":[{"start":{"line":22,"column":11},"end":{"line":22,"column":27}},{"start":{"line":22,"column":31},"end":{"line":22,"column":48}}],"line":22}},"s":{"0":1,"1":1,"2":1,"3":1,"4":1,"5":1,"6":5,"7":1,"8":1,"9":1,"10":1,"11":1,"12":1,"13":1,"14":0},"f":{"0":1,"1":5},"b":{"0":[1,0],"1":[1,0],"2":[1,1]},"_coverageSchema":"1a1c01bbd47fc00a2c39e90264f33305004495a9","hash":"61edd4cfc3759239dbec7998624d6463aab8904c"}
}
