{"/Users/oksanadotsenko/Exhibition-TV/GalleryScreen.js": {"path":"/Users/oksanadotsenko/Exhibition-TV/GalleryScreen.js","statementMap":{"0":{"start":{"line":13,"column":20},"end":{"line":13,"column":41}},"1":{"start":{"line":15,"column":28},"end":{"line":15,"column":40}},"2":{"start":{"line":16,"column":29},"end":{"line":16,"column":41}},"3":{"start":{"line":17,"column":34},"end":{"line":17,"column":49}},"4":{"start":{"line":18,"column":36},"end":{"line":18,"column":51}},"5":{"start":{"line":23,"column":0},"end":{"line":38,"column":6}},"6":{"start":{"line":26,"column":0},"end":{"line":34,"column":1}},"7":{"start":{"line":27,"column":19},"end":{"line":27,"column":39}},"8":{"start":{"line":28,"column":2},"end":{"line":28,"column":22}},"9":{"start":{"line":29,"column":2},"end":{"line":31,"column":3}},"10":{"start":{"line":30,"column":4},"end":{"line":30,"column":22}},"11":{"start":{"line":33,"column":0},"end":{"line":33,"column":18}},"12":{"start":{"line":37,"column":0},"end":{"line":37,"column":13}},"13":{"start":{"line":41,"column":0},"end":{"line":41,"column":20}},"14":{"start":{"line":42,"column":1},"end":{"line":45,"column":13}},"15":{"start":{"line":43,"column":2},"end":{"line":43,"column":41}},"16":{"start":{"line":44,"column":2},"end":{"line":44,"column":32}},"17":{"start":{"line":48,"column":20},"end":{"line":48,"column":40}},"18":{"start":{"line":49,"column":4},"end":{"line":55,"column":5}},"19":{"start":{"line":50,"column":5},"end":{"line":50,"column":31}},"20":{"start":{"line":52,"column":5},"end":{"line":52,"column":44}},"21":{"start":{"line":53,"column":4},"end":{"line":53,"column":31}},"22":{"start":{"line":54,"column":4},"end":{"line":54,"column":23}},"23":{"start":{"line":56,"column":25},"end":{"line":56,"column":63}},"24":{"start":{"line":57,"column":4},"end":{"line":57,"column":64}},"25":{"start":{"line":66,"column":0},"end":{"line":66,"column":36}},"26":{"start":{"line":67,"column":0},"end":{"line":67,"column":35}},"27":{"start":{"line":68,"column":2},"end":{"line":133,"column":4}},"28":{"start":{"line":83,"column":88},"end":{"line":83,"column":97}},"29":{"start":{"line":100,"column":2},"end":{"line":100,"column":27}},"30":{"start":{"line":101,"column":2},"end":{"line":104,"column":12}},"31":{"start":{"line":124,"column":4},"end":{"line":124,"column":35}},"32":{"start":{"line":138,"column":14},"end":{"line":239,"column":2}}},"fnMap":{"0":{"name":"GalleryScreen","decl":{"start":{"line":12,"column":9},"end":{"line":12,"column":22}},"loc":{"start":{"line":12,"column":25},"end":{"line":134,"column":1}},"line":12},"1":{"name":"(anonymous_1)","decl":{"start":{"line":23,"column":10},"end":{"line":23,"column":11}},"loc":{"start":{"line":23,"column":14},"end":{"line":38,"column":1}},"line":23},"2":{"name":"handleFetch","decl":{"start":{"line":24,"column":15},"end":{"line":24,"column":26}},"loc":{"start":{"line":24,"column":31},"end":{"line":35,"column":1}},"line":24},"3":{"name":"(anonymous_3)","decl":{"start":{"line":42,"column":11},"end":{"line":42,"column":12}},"loc":{"start":{"line":42,"column":17},"end":{"line":45,"column":1}},"line":42},"4":{"name":"onClick","decl":{"start":{"line":47,"column":17},"end":{"line":47,"column":24}},"loc":{"start":{"line":47,"column":26},"end":{"line":58,"column":1}},"line":47},"5":{"name":"(anonymous_5)","decl":{"start":{"line":83,"column":84},"end":{"line":83,"column":85}},"loc":{"start":{"line":83,"column":88},"end":{"line":83,"column":97}},"line":83},"6":{"name":"(anonymous_6)","decl":{"start":{"line":99,"column":13},"end":{"line":99,"column":14}},"loc":{"start":{"line":99,"column":28},"end":{"line":104,"column":13}},"line":99},"7":{"name":"(anonymous_7)","decl":{"start":{"line":123,"column":22},"end":{"line":123,"column":23}},"loc":{"start":{"line":124,"column":4},"end":{"line":124,"column":35}},"line":124}},"branchMap":{"0":{"loc":{"start":{"line":29,"column":2},"end":{"line":31,"column":3}},"type":"if","locations":[{"start":{"line":29,"column":2},"end":{"line":31,"column":3}},{"start":{},"end":{}}],"line":29},"1":{"loc":{"start":{"line":49,"column":4},"end":{"line":55,"column":5}},"type":"if","locations":[{"start":{"line":49,"column":4},"end":{"line":55,"column":5}},{"start":{},"end":{}}],"line":49},"2":{"loc":{"start":{"line":72,"column":3},"end":{"line":75,"column":8}},"type":"binary-expr","locations":[{"start":{"line":72,"column":3},"end":{"line":72,"column":13}},{"start":{"line":73,"column":1},"end":{"line":75,"column":8}}],"line":72},"3":{"loc":{"start":{"line":77,"column":2},"end":{"line":87,"column":10}},"type":"binary-expr","locations":[{"start":{"line":77,"column":2},"end":{"line":77,"column":13}},{"start":{"line":77,"column":18},"end":{"line":77,"column":27}},{"start":{"line":79,"column":2},"end":{"line":87,"column":10}}],"line":77},"4":{"loc":{"start":{"line":90,"column":1},"end":{"line":130,"column":7}},"type":"binary-expr","locations":[{"start":{"line":90,"column":1},"end":{"line":90,"column":11}},{"start":{"line":90,"column":16},"end":{"line":90,"column":25}},{"start":{"line":91,"column":1},"end":{"line":130,"column":7}}],"line":90}},"s":{"0":3,"1":3,"2":3,"3":3,"4":3,"5":3,"6":1,"7":1,"8":1,"9":1,"10":1,"11":0,"12":1,"13":3,"14":3,"15":2,"16":2,"17":1,"18":1,"19":1,"20":1,"21":1,"22":1,"23":1,"24":1,"25":3,"26":3,"27":3,"28":1,"29":10,"30":10,"31":1,"32":1},"f":{"0":3,"1":1,"2":1,"3":2,"4":1,"5":1,"6":10,"7":1},"b":{"0":[1,0],"1":[1,0],"2":[3,1],"3":[3,2,1],"4":[3,1,1]},"_coverageSchema":"1a1c01bbd47fc00a2c39e90264f33305004495a9","hash":"66bdb48bea2a96cb0eab8ed7c17865ceadea7d0a"}
,"/Users/oksanadotsenko/Exhibition-TV/LogIn.js": {"path":"/Users/oksanadotsenko/Exhibition-TV/LogIn.js","statementMap":{"0":{"start":{"line":10,"column":15},"end":{"line":10,"column":45}},"1":{"start":{"line":11,"column":16},"end":{"line":11,"column":47}},"2":{"start":{"line":12,"column":44},"end":{"line":15,"column":6}},"3":{"start":{"line":17,"column":44},"end":{"line":17,"column":56}},"4":{"start":{"line":18,"column":23},"end":{"line":18,"column":38}},"5":{"start":{"line":24,"column":8},"end":{"line":24,"column":66}},"6":{"start":{"line":24,"column":37},"end":{"line":24,"column":64}},"7":{"start":{"line":25,"column":8},"end":{"line":25,"column":27}},"8":{"start":{"line":32,"column":32},"end":{"line":32,"column":44}},"9":{"start":{"line":34,"column":2},"end":{"line":37,"column":3}},"10":{"start":{"line":35,"column":4},"end":{"line":35,"column":59}},"11":{"start":{"line":36,"column":4},"end":{"line":36,"column":11}},"12":{"start":{"line":39,"column":2},"end":{"line":61,"column":3}},"13":{"start":{"line":40,"column":27},"end":{"line":40,"column":82}},"14":{"start":{"line":42,"column":16},"end":{"line":42,"column":39}},"15":{"start":{"line":44,"column":20},"end":{"line":44,"column":60}},"16":{"start":{"line":47,"column":4},"end":{"line":54,"column":5}},"17":{"start":{"line":48,"column":6},"end":{"line":48,"column":37}},"18":{"start":{"line":53,"column":6},"end":{"line":53,"column":76}},"19":{"start":{"line":59,"column":4},"end":{"line":59,"column":49}},"20":{"start":{"line":67,"column":2},"end":{"line":94,"column":4}},"21":{"start":{"line":78,"column":30},"end":{"line":78,"column":57}},"22":{"start":{"line":84,"column":31},"end":{"line":84,"column":61}},"23":{"start":{"line":88,"column":61},"end":{"line":88,"column":74}},"24":{"start":{"line":99,"column":15},"end":{"line":161,"column":2}}},"fnMap":{"0":{"name":"LogIn","decl":{"start":{"line":8,"column":9},"end":{"line":8,"column":14}},"loc":{"start":{"line":8,"column":17},"end":{"line":95,"column":1}},"line":8},"1":{"name":"handleChnage","decl":{"start":{"line":22,"column":13},"end":{"line":22,"column":25}},"loc":{"start":{"line":22,"column":38},"end":{"line":27,"column":5}},"line":22},"2":{"name":"(anonymous_2)","decl":{"start":{"line":24,"column":24},"end":{"line":24,"column":25}},"loc":{"start":{"line":24,"column":37},"end":{"line":24,"column":64}},"line":24},"3":{"name":"handleLogIn","decl":{"start":{"line":31,"column":19},"end":{"line":31,"column":30}},"loc":{"start":{"line":31,"column":32},"end":{"line":63,"column":5}},"line":31},"4":{"name":"(anonymous_4)","decl":{"start":{"line":78,"column":21},"end":{"line":78,"column":22}},"loc":{"start":{"line":78,"column":30},"end":{"line":78,"column":57}},"line":78},"5":{"name":"(anonymous_5)","decl":{"start":{"line":84,"column":22},"end":{"line":84,"column":23}},"loc":{"start":{"line":84,"column":31},"end":{"line":84,"column":61}},"line":84},"6":{"name":"(anonymous_6)","decl":{"start":{"line":88,"column":57},"end":{"line":88,"column":58}},"loc":{"start":{"line":88,"column":61},"end":{"line":88,"column":74}},"line":88}},"branchMap":{"0":{"loc":{"start":{"line":34,"column":2},"end":{"line":37,"column":3}},"type":"if","locations":[{"start":{"line":34,"column":2},"end":{"line":37,"column":3}},{"start":{},"end":{}}],"line":34},"1":{"loc":{"start":{"line":34,"column":6},"end":{"line":34,"column":25}},"type":"binary-expr","locations":[{"start":{"line":34,"column":6},"end":{"line":34,"column":12}},{"start":{"line":34,"column":16},"end":{"line":34,"column":25}}],"line":34},"2":{"loc":{"start":{"line":47,"column":4},"end":{"line":54,"column":5}},"type":"if","locations":[{"start":{"line":47,"column":4},"end":{"line":54,"column":5}},{"start":{"line":52,"column":11},"end":{"line":54,"column":5}}],"line":47},"3":{"loc":{"start":{"line":47,"column":8},"end":{"line":47,"column":62}},"type":"binary-expr","locations":[{"start":{"line":47,"column":8},"end":{"line":47,"column":24}},{"start":{"line":47,"column":28},"end":{"line":47,"column":62}}],"line":47},"4":{"loc":{"start":{"line":73,"column":8},"end":{"line":73,"column":109}},"type":"binary-expr","locations":[{"start":{"line":73,"column":8},"end":{"line":73,"column":27}},{"start":{"line":73,"column":31},"end":{"line":73,"column":109}}],"line":73}},"s":{"0":7,"1":7,"2":7,"3":7,"4":7,"5":4,"6":4,"7":4,"8":2,"9":2,"10":1,"11":1,"12":1,"13":1,"14":1,"15":1,"16":1,"17":1,"18":0,"19":0,"20":7,"21":2,"22":2,"23":2,"24":1},"f":{"0":7,"1":4,"2":4,"3":2,"4":2,"5":2,"6":2},"b":{"0":[1,1],"1":[2,1],"2":[1,0],"3":[1,1],"4":[7,1]},"_coverageSchema":"1a1c01bbd47fc00a2c39e90264f33305004495a9","hash":"ebaddc2ec3eba3baf5a6fd22d1567a551cdcbf73"}
,"/Users/oksanadotsenko/Exhibition-TV/utility_functions/fetchExhibitionMaterial.js": {"path":"/Users/oksanadotsenko/Exhibition-TV/utility_functions/fetchExhibitionMaterial.js","statementMap":{"0":{"start":{"line":9,"column":19},"end":{"line":9,"column":49}},"1":{"start":{"line":11,"column":1},"end":{"line":31,"column":2}},"2":{"start":{"line":12,"column":18},"end":{"line":16,"column":45}},"3":{"start":{"line":18,"column":44},"end":{"line":18,"column":65}},"4":{"start":{"line":19,"column":36},"end":{"line":19,"column":111}},"5":{"start":{"line":19,"column":79},"end":{"line":19,"column":109}},"6":{"start":{"line":21,"column":3},"end":{"line":26,"column":4}},"7":{"start":{"line":22,"column":4},"end":{"line":22,"column":15}},"8":{"start":{"line":25,"column":6},"end":{"line":25,"column":33}},"9":{"start":{"line":30,"column":3},"end":{"line":30,"column":21}}},"fnMap":{"0":{"name":"fetchExhibitionMaterial","decl":{"start":{"line":8,"column":22},"end":{"line":8,"column":45}},"loc":{"start":{"line":8,"column":48},"end":{"line":33,"column":1}},"line":8},"1":{"name":"(anonymous_1)","decl":{"start":{"line":19,"column":71},"end":{"line":19,"column":72}},"loc":{"start":{"line":19,"column":79},"end":{"line":19,"column":109}},"line":19}},"branchMap":{"0":{"loc":{"start":{"line":21,"column":3},"end":{"line":26,"column":4}},"type":"if","locations":[{"start":{"line":21,"column":3},"end":{"line":26,"column":4}},{"start":{"line":23,"column":9},"end":{"line":26,"column":4}}],"line":21}},"s":{"0":2,"1":2,"2":2,"3":2,"4":2,"5":1,"6":2,"7":1,"8":1,"9":0},"f":{"0":2,"1":1},"b":{"0":[1,1]},"_coverageSchema":"1a1c01bbd47fc00a2c39e90264f33305004495a9","hash":"e9b8ffebbcedc72d173eb8970c7a2d4855185d76"}
,"/Users/oksanadotsenko/Exhibition-TV/utility_functions/fetchFromDir.js": {"path":"/Users/oksanadotsenko/Exhibition-TV/utility_functions/fetchFromDir.js","statementMap":{"0":{"start":{"line":3,"column":18},"end":{"line":3,"column":61}},"1":{"start":{"line":4,"column":19},"end":{"line":4,"column":40}},"2":{"start":{"line":5,"column":32},"end":{"line":5,"column":70}},"3":{"start":{"line":9,"column":4},"end":{"line":30,"column":5}},"4":{"start":{"line":10,"column":23},"end":{"line":10,"column":70}},"5":{"start":{"line":12,"column":22},"end":{"line":12,"column":66}},"6":{"start":{"line":12,"column":42},"end":{"line":12,"column":65}},"7":{"start":{"line":13,"column":32},"end":{"line":13,"column":36}},"8":{"start":{"line":14,"column":38},"end":{"line":14,"column":92}},"9":{"start":{"line":16,"column":8},"end":{"line":19,"column":9}},"10":{"start":{"line":17,"column":34},"end":{"line":17,"column":93}},"11":{"start":{"line":18,"column":10},"end":{"line":18,"column":57}},"12":{"start":{"line":22,"column":8},"end":{"line":26,"column":9}},"13":{"start":{"line":23,"column":12},"end":{"line":25,"column":39}},"14":{"start":{"line":29,"column":7},"end":{"line":29,"column":16}}},"fnMap":{"0":{"name":"fetchFromDir","decl":{"start":{"line":8,"column":22},"end":{"line":8,"column":34}},"loc":{"start":{"line":8,"column":37},"end":{"line":31,"column":1}},"line":8},"1":{"name":"(anonymous_1)","decl":{"start":{"line":12,"column":33},"end":{"line":12,"column":34}},"loc":{"start":{"line":12,"column":42},"end":{"line":12,"column":65}},"line":12}},"branchMap":{"0":{"loc":{"start":{"line":16,"column":8},"end":{"line":19,"column":9}},"type":"if","locations":[{"start":{"line":16,"column":8},"end":{"line":19,"column":9}},{"start":{},"end":{}}],"line":16},"1":{"loc":{"start":{"line":22,"column":8},"end":{"line":26,"column":9}},"type":"if","locations":[{"start":{"line":22,"column":8},"end":{"line":26,"column":9}},{"start":{},"end":{}}],"line":22},"2":{"loc":{"start":{"line":22,"column":11},"end":{"line":22,"column":48}},"type":"binary-expr","locations":[{"start":{"line":22,"column":11},"end":{"line":22,"column":27}},{"start":{"line":22,"column":31},"end":{"line":22,"column":48}}],"line":22}},"s":{"0":1,"1":1,"2":1,"3":1,"4":1,"5":1,"6":5,"7":1,"8":1,"9":1,"10":1,"11":1,"12":1,"13":1,"14":0},"f":{"0":1,"1":5},"b":{"0":[1,0],"1":[1,0],"2":[1,1]},"_coverageSchema":"1a1c01bbd47fc00a2c39e90264f33305004495a9","hash":"61edd4cfc3759239dbec7998624d6463aab8904c"}
}
