TN:
SF:GalleryScreen.js
FN:23,GalleryScreen
FN:35,(anonymous_1)
FN:36,helper
FN:41,(anonymous_3)
FN:53,(anonymous_4)
FN:54,helper
FN:78,(anonymous_6)
FN:93,(anonymous_7)
FN:94,helper
FN:137,(anonymous_9)
FN:138,handleFetch
FN:156,(anonymous_11)
FN:162,onClick
FN:174,onclose
FN:206,(anonymous_14)
FN:222,(anonymous_15)
FN:244,(anonymous_16)
FN:259,(anonymous_17)
FNF:18
FNH:8
FNDA:1,GalleryScreen
FNDA:1,(anonymous_1)
FNDA:0,helper
FNDA:0,(anonymous_3)
FNDA:1,(anonymous_4)
FNDA:1,helper
FNDA:0,(anonymous_6)
FNDA:1,(anonymous_7)
FNDA:1,helper
FNDA:1,(anonymous_9)
FNDA:0,handleFetch
FNDA:1,(anonymous_11)
FNDA:0,onClick
FNDA:0,onclose
FNDA:0,(anonymous_14)
FNDA:0,(anonymous_15)
FNDA:0,(anonymous_16)
FNDA:0,(anonymous_17)
DA:16,1
DA:17,1
DA:18,1
DA:19,1
DA:24,1
DA:26,1
DA:27,1
DA:28,1
DA:29,1
DA:30,1
DA:31,1
DA:32,1
DA:35,1
DA:37,0
DA:38,0
DA:39,0
DA:40,0
DA:42,0
DA:43,0
DA:46,0
DA:53,1
DA:57,1
DA:58,1
DA:59,1
DA:62,1
DA:65,1
DA:66,1
DA:67,1
DA:68,1
DA:69,1
DA:70,1
DA:71,0
DA:72,0
DA:74,0
DA:75,0
DA:76,0
DA:77,0
DA:79,0
DA:80,0
DA:82,0
DA:84,0
DA:88,1
DA:93,1
DA:95,1
DA:99,1
DA:101,1
DA:103,1
DA:105,1
DA:106,1
DA:107,1
DA:108,1
DA:111,1
DA:112,1
DA:113,0
DA:114,0
DA:115,0
DA:118,1
DA:119,1
DA:124,0
DA:129,1
DA:131,1
DA:137,1
DA:140,0
DA:141,0
DA:142,0
DA:143,0
DA:144,0
DA:147,0
DA:155,1
DA:156,1
DA:157,1
DA:158,1
DA:163,0
DA:164,0
DA:165,0
DA:166,0
DA:167,0
DA:169,0
DA:170,0
DA:175,0
DA:176,0
DA:177,0
DA:178,0
DA:180,0
DA:182,0
DA:184,0
DA:188,1
DA:189,1
DA:190,1
DA:206,0
DA:223,0
DA:224,0
DA:244,0
DA:260,0
DA:275,1
LF:95
LH:49
BRDA:62,0,0,1
BRDA:62,0,1,0
BRDA:62,1,0,1
BRDA:62,1,1,1
BRDA:76,2,0,0
BRDA:76,2,1,0
BRDA:111,3,0,1
BRDA:111,3,1,0
BRDA:112,4,0,0
BRDA:112,4,1,1
BRDA:112,5,0,1
BRDA:112,5,1,0
BRDA:112,5,2,1
BRDA:143,6,0,0
BRDA:143,6,1,0
BRDA:164,7,0,0
BRDA:164,7,1,0
BRDA:194,8,0,1
BRDA:194,8,1,1
BRDA:200,9,0,1
BRDA:200,9,1,1
BRDA:200,9,2,0
BRDA:213,10,0,1
BRDA:213,10,1,0
BRDA:213,10,2,0
BRDA:222,11,0,0
BRDA:222,11,1,0
BRF:27
BRH:12
end_of_record
TN:
SF:LogIn.js
FN:15,LogIn
FN:29,handleChnage
FN:31,(anonymous_2)
FN:38,handleLogIn
FN:93,(anonymous_4)
FN:99,(anonymous_5)
FN:103,(anonymous_6)
FNF:7
FNH:7
FNDA:7,LogIn
FNDA:4,handleChnage
FNDA:4,(anonymous_2)
FNDA:2,handleLogIn
FNDA:2,(anonymous_4)
FNDA:2,(anonymous_5)
FNDA:2,(anonymous_6)
DA:10,1
DA:11,1
DA:12,1
DA:13,1
DA:17,7
DA:18,7
DA:19,7
DA:23,7
DA:24,7
DA:25,7
DA:31,4
DA:32,4
DA:39,2
DA:41,2
DA:42,1
DA:43,1
DA:46,1
DA:47,1
DA:49,1
DA:50,1
DA:52,0
DA:53,0
DA:54,0
DA:56,0
DA:59,0
DA:60,0
DA:65,0
DA:69,1
DA:80,7
DA:82,7
DA:93,2
DA:99,2
DA:103,2
DA:114,1
LF:34
LH:27
BRDA:41,0,0,1
BRDA:41,0,1,1
BRDA:41,1,0,2
BRDA:41,1,1,1
BRDA:54,2,0,0
BRDA:54,2,1,0
BRDA:59,3,0,0
BRDA:59,3,1,0
BRDA:59,4,0,0
BRDA:59,4,1,0
BRDA:59,4,2,0
BRDA:88,5,0,7
BRDA:88,5,1,1
BRF:13
BRH:6
end_of_record
TN:
SF:utility_functions/fetchExhibitionMaterial.js
FN:8,fetchExhibitionMaterial
FN:19,(anonymous_1)
FNF:2
FNH:2
FNDA:2,fetchExhibitionMaterial
FNDA:1,(anonymous_1)
DA:9,2
DA:11,2
DA:12,2
DA:18,2
DA:19,2
DA:21,2
DA:22,1
DA:25,1
DA:30,0
LF:9
LH:8
BRDA:21,0,0,1
BRDA:21,0,1,1
BRF:2
BRH:2
end_of_record
TN:
SF:utility_functions/fetchFromDir.js
FN:8,fetchFromDir
FN:12,(anonymous_1)
FNF:2
FNH:2
FNDA:1,fetchFromDir
FNDA:5,(anonymous_1)
DA:3,1
DA:4,1
DA:5,1
DA:9,1
DA:10,1
DA:12,5
DA:13,1
DA:14,1
DA:16,1
DA:17,1
DA:18,1
DA:22,1
DA:23,1
DA:29,0
LF:14
LH:13
BRDA:16,0,0,1
BRDA:16,0,1,0
BRDA:22,1,0,1
BRDA:22,1,1,0
BRDA:22,2,0,1
BRDA:22,2,1,1
BRF:6
BRH:4
end_of_record
