TN:
SF:GalleryScreen.js
FN:12,GalleryScreen
FN:23,(anonymous_1)
FN:24,handleFetch
FN:42,(anonymous_3)
FN:47,onClick
FN:83,(anonymous_5)
FN:99,(anonymous_6)
FN:123,(anonymous_7)
FNF:8
FNH:8
FNDA:3,GalleryScreen
FNDA:1,(anonymous_1)
FNDA:1,handleFetch
FNDA:2,(anonymous_3)
FNDA:1,onClick
FNDA:1,(anonymous_5)
FNDA:10,(anonymous_6)
FNDA:1,(anonymous_7)
DA:13,3
DA:15,3
DA:16,3
DA:17,3
DA:18,3
DA:23,3
DA:26,1
DA:27,1
DA:28,1
DA:29,1
DA:30,1
DA:33,0
DA:37,1
DA:41,3
DA:42,3
DA:43,2
DA:44,2
DA:48,1
DA:49,1
DA:50,1
DA:52,1
DA:53,1
DA:54,1
DA:56,1
DA:57,1
DA:66,3
DA:67,3
DA:68,3
DA:83,1
DA:100,10
DA:101,10
DA:124,1
DA:138,1
LF:33
LH:32
BRDA:29,0,0,1
BRDA:29,0,1,0
BRDA:49,1,0,1
BRDA:49,1,1,0
BRDA:72,2,0,3
BRDA:72,2,1,1
BRDA:77,3,0,3
BRDA:77,3,1,2
BRDA:77,3,2,1
BRDA:90,4,0,3
BRDA:90,4,1,1
BRDA:90,4,2,1
BRF:12
BRH:10
end_of_record
TN:
SF:LogIn.js
FN:8,LogIn
FN:22,handleChnage
FN:24,(anonymous_2)
FN:31,handleLogIn
FN:78,(anonymous_4)
FN:84,(anonymous_5)
FN:88,(anonymous_6)
FNF:7
FNH:7
FNDA:7,LogIn
FNDA:4,handleChnage
FNDA:4,(anonymous_2)
FNDA:2,handleLogIn
FNDA:2,(anonymous_4)
FNDA:2,(anonymous_5)
FNDA:2,(anonymous_6)
DA:10,7
DA:11,7
DA:12,7
DA:17,7
DA:18,7
DA:24,4
DA:25,4
DA:32,2
DA:34,2
DA:35,1
DA:36,1
DA:39,1
DA:40,1
DA:42,1
DA:44,1
DA:47,1
DA:48,1
DA:53,0
DA:59,0
DA:67,7
DA:78,2
DA:84,2
DA:88,2
DA:99,1
LF:24
LH:22
BRDA:34,0,0,1
BRDA:34,0,1,1
BRDA:34,1,0,2
BRDA:34,1,1,1
BRDA:47,2,0,1
BRDA:47,2,1,0
BRDA:47,3,0,1
BRDA:47,3,1,1
BRDA:73,4,0,7
BRDA:73,4,1,1
BRF:10
BRH:9
end_of_record
TN:
SF:utility_functions/fetchExhibitionMaterial.js
FN:8,fetchExhibitionMaterial
FN:19,(anonymous_1)
FNF:2
FNH:2
FNDA:2,fetchExhibitionMaterial
FNDA:1,(anonymous_1)
DA:9,2
DA:11,2
DA:12,2
DA:18,2
DA:19,2
DA:21,2
DA:22,1
DA:25,1
DA:30,0
LF:9
LH:8
BRDA:21,0,0,1
BRDA:21,0,1,1
BRF:2
BRH:2
end_of_record
TN:
SF:utility_functions/fetchFromDir.js
FN:8,fetchFromDir
FN:12,(anonymous_1)
FNF:2
FNH:2
FNDA:1,fetchFromDir
FNDA:5,(anonymous_1)
DA:3,1
DA:4,1
DA:5,1
DA:9,1
DA:10,1
DA:12,5
DA:13,1
DA:14,1
DA:16,1
DA:17,1
DA:18,1
DA:22,1
DA:23,1
DA:29,0
LF:14
LH:13
BRDA:16,0,0,1
BRDA:16,0,1,0
BRDA:22,1,0,1
BRDA:22,1,1,0
BRDA:22,2,0,1
BRDA:22,2,1,1
BRF:6
BRH:4
end_of_record
